Flow report for Bus_com
Tue Nov 24 20:59:31 2020
Quartus II 32-bit Version 11.1 Build 259 01/25/2012 Service Pack 2 SJ Web Edition


---------------------
; Table of Contents ;
---------------------
  1. Legal Notice
  2. Flow Summary
  3. Flow Settings
  4. Flow Non-Default Global Settings
  5. Flow Elapsed Time
  6. Flow OS Summary
  7. Flow Log



----------------
; Legal Notice ;
----------------
Copyright (C) 1991-2011 Altera Corporation
Your use of Altera Corporation's design tools, logic functions 
and other software and tools, and its AMPP partner logic 
functions, and any output files from any of the foregoing 
(including device programming or simulation files), and any 
associated documentation or information are expressly subject 
to the terms and conditions of the Altera Program License 
Subscription Agreement, Altera MegaCore Function License 
Agreement, or other applicable license agreement, including, 
without limitation, that your use is for the sole purpose of 
programming logic devices manufactured by Altera and sold by 
Altera or its authorized distributors.  Please refer to the 
applicable agreement for further details.



+------------------------------------------------------------------------------------+
; Flow Summary                                                                       ;
+------------------------------------+-----------------------------------------------+
; Flow Status                        ; Successful - Tue Nov 24 20:59:30 2020         ;
; Quartus II 32-bit Version          ; 11.1 Build 259 01/25/2012 SP 2 SJ Web Edition ;
; Revision Name                      ; Bus_com                                       ;
; Top-level Entity Name              ; Spi                                           ;
; Family                             ; Cyclone IV E                                  ;
; Device                             ; EP4CE22F17C6                                  ;
; Timing Models                      ; Final                                         ;
; Total logic elements               ; 15 / 22,320 ( < 1 % )                         ;
;     Total combinational functions  ; 8 / 22,320 ( < 1 % )                          ;
;     Dedicated logic registers      ; 8 / 22,320 ( < 1 % )                          ;
; Total registers                    ; 8                                             ;
; Total pins                         ; 11 / 154 ( 7 % )                              ;
; Total virtual pins                 ; 0                                             ;
; Total memory bits                  ; 0 / 608,256 ( 0 % )                           ;
; Embedded Multiplier 9-bit elements ; 0 / 132 ( 0 % )                               ;
; Total PLLs                         ; 0 / 4 ( 0 % )                                 ;
+------------------------------------+-----------------------------------------------+


+-----------------------------------------+
; Flow Settings                           ;
+-------------------+---------------------+
; Option            ; Setting             ;
+-------------------+---------------------+
; Start date & time ; 11/24/2020 20:59:09 ;
; Main task         ; Compilation         ;
; Revision Name     ; Bus_com             ;
+-------------------+---------------------+


+----------------------------------------------------------------------------------------------------------------+
; Flow Non-Default Global Settings                                                                               ;
+-------------------------------------+-------------------------------+---------------+-------------+------------+
; Assignment Name                     ; Value                         ; Default Value ; Entity Name ; Section Id ;
+-------------------------------------+-------------------------------+---------------+-------------+------------+
; COMPILER_SIGNATURE_ID               ; 1099358999964.160624794919936 ; --            ; --          ; --         ;
; MAX_CORE_JUNCTION_TEMP              ; 85                            ; --            ; --          ; --         ;
; MIN_CORE_JUNCTION_TEMP              ; 0                             ; --            ; --          ; --         ;
; NOMINAL_CORE_SUPPLY_VOLTAGE         ; 1.2V                          ; --            ; --          ; --         ;
; PARTITION_COLOR                     ; 16764057                      ; --            ; Spi         ; Top        ;
; PARTITION_FITTER_PRESERVATION_LEVEL ; PLACEMENT_AND_ROUTING         ; --            ; Spi         ; Top        ;
; PARTITION_NETLIST_TYPE              ; SOURCE                        ; --            ; Spi         ; Top        ;
; TOP_LEVEL_ENTITY                    ; Spi                           ; Bus_com       ; --          ; --         ;
+-------------------------------------+-------------------------------+---------------+-------------+------------+


+-------------------------------------------------------------------------------------------------------------------------------+
; Flow Elapsed Time                                                                                                             ;
+---------------------------+--------------+-------------------------+---------------------+------------------------------------+
; Module Name               ; Elapsed Time ; Average Processors Used ; Peak Virtual Memory ; Total CPU Time (on all processors) ;
+---------------------------+--------------+-------------------------+---------------------+------------------------------------+
; Analysis & Synthesis      ; 00:00:03     ; 1.0                     ; 365 MB              ; 00:00:03                           ;
; Fitter                    ; 00:00:10     ; 1.0                     ; 441 MB              ; 00:00:09                           ;
; Assembler                 ; 00:00:03     ; 1.0                     ; 361 MB              ; 00:00:03                           ;
; TimeQuest Timing Analyzer ; 00:00:05     ; 1.0                     ; 358 MB              ; 00:00:04                           ;
; Total                     ; 00:00:21     ; --                      ; --                  ; 00:00:19                           ;
+---------------------------+--------------+-------------------------+---------------------+------------------------------------+


+----------------------------------------------------------------------------------------+
; Flow OS Summary                                                                        ;
+---------------------------+------------------+-----------+------------+----------------+
; Module Name               ; Machine Hostname ; OS Name   ; OS Version ; Processor type ;
+---------------------------+------------------+-----------+------------+----------------+
; Analysis & Synthesis      ; Utilisateur-PC   ; Windows 7 ; 6.1        ; x86_64         ;
; Fitter                    ; Utilisateur-PC   ; Windows 7 ; 6.1        ; x86_64         ;
; Assembler                 ; Utilisateur-PC   ; Windows 7 ; 6.1        ; x86_64         ;
; TimeQuest Timing Analyzer ; Utilisateur-PC   ; Windows 7 ; 6.1        ; x86_64         ;
+---------------------------+------------------+-----------+------------+----------------+


------------
; Flow Log ;
------------
quartus_map --read_settings_files=on --write_settings_files=off Bus_com -c Bus_com
quartus_fit --read_settings_files=off --write_settings_files=off Bus_com -c Bus_com
quartus_asm --read_settings_files=off --write_settings_files=off Bus_com -c Bus_com
quartus_sta Bus_com -c Bus_com



